{
  "stats": {
    "suites": 3,
    "tests": 5,
    "passes": 3,
    "pending": 0,
    "failures": 2,
    "start": "2019-07-03T12:58:34.145Z",
    "end": "2019-07-03T12:58:34.145Z",
    "duration": 75360,
    "testsRegistered": 5,
    "passPercent": 60,
    "pendingPercent": 0,
    "other": 0,
    "hasOther": false,
    "skipped": 0,
    "hasSkipped": false
  },
  "results": [
    {
      "uuid": "d9f7b5b9-fbba-453a-b3ef-625460b83891",
      "title": "",
      "fullFile": "",
      "file": "",
      "beforeHooks": [],
      "afterHooks": [],
      "tests": [],
      "suites": [
        {
          "uuid": "cff18835-918f-4ea7-baf4-67ffa4f576fd",
          "title": "Events",
          "fullFile": "",
          "file": "",
          "beforeHooks": [],
          "afterHooks": [],
          "tests": [
            {
              "title": "Looking for an Event (example #1)",
              "fullTitle": "Events Looking for an Event (example #1)",
              "timedOut": null,
              "duration": 8199,
              "state": "passed",
              "speed": "slow",
              "pass": true,
              "fail": false,
              "pending": false,
              "context": null,
              "code": "if (backgroundSection) {\n  backgroundSection.steps.forEach(step => {\n    stepTest.call(this, step);\n  });\n}\nscenario.steps.forEach(step => {\n  const newStep = Object.assign({}, step);\n  newStep.text = replaceParameterTags(rowData, newStep.text);\n  stepTest.call(this, newStep, rowData);\n});",
              "err": {},
              "uuid": "38e1fd2e-55d7-4996-afc1-bd09d37d42df",
              "parentUUID": "cff18835-918f-4ea7-baf4-67ffa4f576fd",
              "isHook": false,
              "skipped": false
            },
            {
              "title": "Looking for an Event (example #2)",
              "fullTitle": "Events Looking for an Event (example #2)",
              "timedOut": null,
              "duration": 6335,
              "state": "passed",
              "speed": "slow",
              "pass": true,
              "fail": false,
              "pending": false,
              "context": null,
              "code": "if (backgroundSection) {\n  backgroundSection.steps.forEach(step => {\n    stepTest.call(this, step);\n  });\n}\nscenario.steps.forEach(step => {\n  const newStep = Object.assign({}, step);\n  newStep.text = replaceParameterTags(rowData, newStep.text);\n  stepTest.call(this, newStep, rowData);\n});",
              "err": {},
              "uuid": "b76210ce-42ce-48a4-9219-40568a3db045",
              "parentUUID": "cff18835-918f-4ea7-baf4-67ffa4f576fd",
              "isHook": false,
              "skipped": false
            },
            {
              "title": "Event Detail (example #1)",
              "fullTitle": "Events Event Detail (example #1)",
              "timedOut": null,
              "duration": 11673,
              "state": "failed",
              "speed": null,
              "pass": false,
              "fail": true,
              "pending": false,
              "context": null,
              "code": "if (backgroundSection) {\n  backgroundSection.steps.forEach(step => {\n    stepTest.call(this, step);\n  });\n}\nscenario.steps.forEach(step => {\n  const newStep = Object.assign({}, step);\n  newStep.text = replaceParameterTags(rowData, newStep.text);\n  stepTest.call(this, newStep, rowData);\n});",
              "err": {
                "message": "CypressError: Timed out retrying: Expected to find element: '.secondary-toolbar__main-title', but never found it.",
                "estack": "CypressError: Timed out retrying: Expected to find element: '.secondary-toolbar__main-title', but never found it.\n    at Object.cypressErr (http://localhost:4200/__cypress/runner/cypress_runner.js:84573:11)\n    at Object.throwErr (http://localhost:4200/__cypress/runner/cypress_runner.js:84538:18)\n    at Object.throwErrByPath (http://localhost:4200/__cypress/runner/cypress_runner.js:84565:17)\n    at retry (http://localhost:4200/__cypress/runner/cypress_runner.js:77812:16)\n    at http://localhost:4200/__cypress/runner/cypress_runner.js:69764:18\n    at tryCatcher (http://localhost:4200/__cypress/runner/cypress_runner.js:133768:23)\n    at Promise._settlePromiseFromHandler (http://localhost:4200/__cypress/runner/cypress_runner.js:131786:31)\n    at Promise._settlePromise (http://localhost:4200/__cypress/runner/cypress_runner.js:131843:18)\n    at Promise._settlePromise0 (http://localhost:4200/__cypress/runner/cypress_runner.js:131888:10)\n    at Promise._settlePromises (http://localhost:4200/__cypress/runner/cypress_runner.js:131963:18)\n    at Async._drainQueue (http://localhost:4200/__cypress/runner/cypress_runner.js:128692:16)\n    at Async._drainQueues (http://localhost:4200/__cypress/runner/cypress_runner.js:128702:10)\n    at Async.drainQueues (http://localhost:4200/__cypress/runner/cypress_runner.js:128576:14)\n    at <anonymous>",
                "diff": null
              },
              "uuid": "8f46bde0-d484-4165-9fcf-50652ea71666",
              "parentUUID": "cff18835-918f-4ea7-baf4-67ffa4f576fd",
              "isHook": false,
              "skipped": false
            }
          ],
          "suites": [],
          "passes": [
            "38e1fd2e-55d7-4996-afc1-bd09d37d42df",
            "b76210ce-42ce-48a4-9219-40568a3db045"
          ],
          "failures": [
            "8f46bde0-d484-4165-9fcf-50652ea71666"
          ],
          "pending": [],
          "skipped": [],
          "duration": 26207,
          "root": false,
          "rootEmpty": false,
          "_timeout": 2000
        }
      ],
      "passes": [],
      "failures": [],
      "pending": [],
      "skipped": [],
      "duration": 0,
      "root": true,
      "rootEmpty": true,
      "_timeout": 2000
    },
    {
      "uuid": "e3dc38c5-e697-44de-a266-918c95b21729",
      "title": "",
      "fullFile": "",
      "file": "",
      "beforeHooks": [],
      "afterHooks": [],
      "tests": [],
      "suites": [
        {
          "uuid": "efc28825-b934-4d07-9ee9-722926a746af",
          "title": "Sanitas Login",
          "fullFile": "",
          "file": "",
          "beforeHooks": [],
          "afterHooks": [],
          "tests": [
            {
              "title": "Login OK (example #1)",
              "fullTitle": "Sanitas Login Login OK (example #1)",
              "timedOut": null,
              "duration": 21804,
              "state": "passed",
              "speed": "slow",
              "pass": true,
              "fail": false,
              "pending": false,
              "context": null,
              "code": "if (backgroundSection) {\n  backgroundSection.steps.forEach(step => {\n    stepTest.call(this, step);\n  });\n}\nscenario.steps.forEach(step => {\n  const newStep = Object.assign({}, step);\n  newStep.text = replaceParameterTags(rowData, newStep.text);\n  stepTest.call(this, newStep, rowData);\n});",
              "err": {},
              "uuid": "e0f1c0df-e524-4760-b5a2-e0a3d326e792",
              "parentUUID": "efc28825-b934-4d07-9ee9-722926a746af",
              "isHook": false,
              "skipped": false
            }
          ],
          "suites": [],
          "passes": [
            "e0f1c0df-e524-4760-b5a2-e0a3d326e792"
          ],
          "failures": [],
          "pending": [],
          "skipped": [],
          "duration": 21804,
          "root": false,
          "rootEmpty": false,
          "_timeout": 2000
        }
      ],
      "passes": [],
      "failures": [],
      "pending": [],
      "skipped": [],
      "duration": 0,
      "root": true,
      "rootEmpty": true,
      "_timeout": 2000
    },
    {
      "uuid": "262a7614-435a-4676-8332-f0493463a439",
      "title": "",
      "fullFile": "",
      "file": "",
      "beforeHooks": [],
      "afterHooks": [],
      "tests": [],
      "suites": [
        {
          "uuid": "492ad73a-5d22-43fb-94e6-83c891a83eee",
          "title": "Sanitas Login",
          "fullFile": "",
          "file": "",
          "beforeHooks": [],
          "afterHooks": [],
          "tests": [
            {
              "title": "new Personal Plan",
              "fullTitle": "Sanitas Login new Personal Plan",
              "timedOut": null,
              "duration": 27349,
              "state": "failed",
              "speed": null,
              "pass": false,
              "fail": true,
              "pending": false,
              "context": null,
              "code": "if (backgroundSection) {\n  backgroundSection.steps.forEach(step => stepTest.call(this, step));\n}\nscenario.steps.forEach(step => stepTest.call(this, step));",
              "err": {
                "message": "CypressError: Timed out retrying: cy.wait() timed out waiting 5000ms for the 1st request to the route: 'personalPlanDetail'. No request ever occurred.",
                "estack": "CypressError: Timed out retrying: cy.wait() timed out waiting 5000ms for the 1st request to the route: 'personalPlanDetail'. No request ever occurred.\n    at Object.cypressErr (http://localhost:4200/__cypress/runner/cypress_runner.js:84573:11)\n    at Object.throwErr (http://localhost:4200/__cypress/runner/cypress_runner.js:84538:18)\n    at Object.throwErrByPath (http://localhost:4200/__cypress/runner/cypress_runner.js:84565:17)\n    at Object.retry (http://localhost:4200/__cypress/runner/cypress_runner.js:77812:16)\n    at checkForXhr (http://localhost:4200/__cypress/runner/cypress_runner.js:76248:17)\n    at http://localhost:4200/__cypress/runner/cypress_runner.js:76249:28\n    at tryCatcher (http://localhost:4200/__cypress/runner/cypress_runner.js:133768:23)\n    at Function.Promise.attempt.Promise.try (http://localhost:4200/__cypress/runner/cypress_runner.js:131142:29)\n    at tryFn (http://localhost:4200/__cypress/runner/cypress_runner.js:78201:24)\n    at whenStable (http://localhost:4200/__cypress/runner/cypress_runner.js:78229:12)\n    at http://localhost:4200/__cypress/runner/cypress_runner.js:77836:16\n    at tryCatcher (http://localhost:4200/__cypress/runner/cypress_runner.js:133768:23)\n    at Promise._settlePromiseFromHandler (http://localhost:4200/__cypress/runner/cypress_runner.js:131786:31)\n    at Promise._settlePromise (http://localhost:4200/__cypress/runner/cypress_runner.js:131843:18)\n    at Promise._settlePromise0 (http://localhost:4200/__cypress/runner/cypress_runner.js:131888:10)\n    at Promise._settlePromises (http://localhost:4200/__cypress/runner/cypress_runner.js:131967:18)",
                "diff": null
              },
              "uuid": "457bba26-1cff-47d9-a556-04c67c0edd3c",
              "parentUUID": "492ad73a-5d22-43fb-94e6-83c891a83eee",
              "isHook": false,
              "skipped": false
            }
          ],
          "suites": [],
          "passes": [],
          "failures": [
            "457bba26-1cff-47d9-a556-04c67c0edd3c"
          ],
          "pending": [],
          "skipped": [],
          "duration": 27349,
          "root": false,
          "rootEmpty": false,
          "_timeout": 2000
        }
      ],
      "passes": [],
      "failures": [],
      "pending": [],
      "skipped": [],
      "duration": 0,
      "root": true,
      "rootEmpty": true,
      "_timeout": 2000
    }
  ],
  "meta": {
    "mocha": {
      "version": "6.1.4"
    },
    "mochawesome": {
      "options": {
        "quiet": true,
        "reportFilename": "mochawesome",
        "saveHtml": false,
        "saveJson": true,
        "useInlineDiffs": false
      },
      "version": "4.0.1"
    },
    "marge": {
      "options": {
        "id": "default",
        "reportDir": "cypress/reports/mocha",
        "quiet": true,
        "overwrite": false,
        "html": false,
        "json": true
      },
      "version": "4.0.0"
    }
  }
}